<?xml version="1.0" encoding="UTF-8"?>
<!-- Generated by org.testng.reporters.JUnitReportReporter -->
<testsuite skipped="1" hostname="bittechs-imac-4.lan" name="com.bit.ui.test.SmokeTest" tests="2" failures="0" timestamp="31 Oct 2019 23:25:11 GMT" time="3.275" errors="1">
  <testcase name="beforeMethod" time="3.275" classname="com.bit.ui.test.SmokeTest">
    <error type="org.openqa.selenium.SessionNotCreatedException" message="session not created: This version of ChromeDriver only supports Chrome version 75
Build info: version: &#039;3.141.0&#039;, revision: &#039;2ecb7d9a&#039;, time: &#039;2018-10-31T20:09:30&#039;
System info: host: &#039;bittechs-imac-4.lan&#039;, ip: &#039;192.168.86.29&#039;, os.name: &#039;Mac OS X&#039;, os.arch: &#039;x86_64&#039;, os.version: &#039;10.10.5&#039;, java.version: &#039;1.8.0_201&#039;
Driver info: driver.version: ChromeDriver
remote stacktrace: 0   chromedriver                        0x000000010f7dc8e9 chromedriver + 3594473
1   chromedriver                        0x000000010f76c543 chromedriver + 3134787
2   chromedriver                        0x000000010f51829f chromedriver + 692895
3   chromedriver                        0x000000010f48672b chromedriver + 96043
4   chromedriver                        0x000000010f4827d8 chromedriver + 79832
5   chromedriver                        0x000000010f4ae6db chromedriver + 259803
6   chromedriver                        0x000000010f4abd13 chromedriver + 249107
7   chromedriver                        0x000000010f48878a chromedriver + 104330
8   chromedriver                        0x000000010f4897d5 chromedriver + 108501
9   chromedriver                        0x000000010f79b555 chromedriver + 3327317
10  chromedriver                        0x000000010f7a6e60 chromedriver + 3374688
11  chromedriver                        0x000000010f7a6bf8 chromedriver + 3374072
12  chromedriver                        0x000000010f77ad39 chromedriver + 3194169
13  chromedriver                        0x000000010f7a76d8 chromedriver + 3376856
14  chromedriver                        0x000000010f78ef27 chromedriver + 3276583
15  chromedriver                        0x000000010f7c4064 chromedriver + 3493988
16  chromedriver                        0x000000010f7e2617 chromedriver + 3618327
17  libsystem_pthread.dylib             0x00007fff8c83605a _pthread_body + 131
18  libsystem_pthread.dylib             0x00007fff8c835fd7 _pthread_body + 0
19  libsystem_pthread.dylib             0x00007fff8c8333ed thread_start + 13
">
      <![CDATA[org.openqa.selenium.SessionNotCreatedException: session not created: This version of ChromeDriver only supports Chrome version 75
Build info: version: '3.141.0', revision: '2ecb7d9a', time: '2018-10-31T20:09:30'
System info: host: 'bittechs-imac-4.lan', ip: '192.168.86.29', os.name: 'Mac OS X', os.arch: 'x86_64', os.version: '10.10.5', java.version: '1.8.0_201'
Driver info: driver.version: ChromeDriver
remote stacktrace: 0   chromedriver                        0x000000010f7dc8e9 chromedriver + 3594473
1   chromedriver                        0x000000010f76c543 chromedriver + 3134787
2   chromedriver                        0x000000010f51829f chromedriver + 692895
3   chromedriver                        0x000000010f48672b chromedriver + 96043
4   chromedriver                        0x000000010f4827d8 chromedriver + 79832
5   chromedriver                        0x000000010f4ae6db chromedriver + 259803
6   chromedriver                        0x000000010f4abd13 chromedriver + 249107
7   chromedriver                        0x000000010f48878a chromedriver + 104330
8   chromedriver                        0x000000010f4897d5 chromedriver + 108501
9   chromedriver                        0x000000010f79b555 chromedriver + 3327317
10  chromedriver                        0x000000010f7a6e60 chromedriver + 3374688
11  chromedriver                        0x000000010f7a6bf8 chromedriver + 3374072
12  chromedriver                        0x000000010f77ad39 chromedriver + 3194169
13  chromedriver                        0x000000010f7a76d8 chromedriver + 3376856
14  chromedriver                        0x000000010f78ef27 chromedriver + 3276583
15  chromedriver                        0x000000010f7c4064 chromedriver + 3493988
16  chromedriver                        0x000000010f7e2617 chromedriver + 3618327
17  libsystem_pthread.dylib             0x00007fff8c83605a _pthread_body + 131
18  libsystem_pthread.dylib             0x00007fff8c835fd7 _pthread_body + 0
19  libsystem_pthread.dylib             0x00007fff8c8333ed thread_start + 13

at sun.reflect.NativeConstructorAccessorImpl.newInstance0(Native Method)
at sun.reflect.NativeConstructorAccessorImpl.newInstance(NativeConstructorAccessorImpl.java:62)
at sun.reflect.DelegatingConstructorAccessorImpl.newInstance(DelegatingConstructorAccessorImpl.java:45)
at java.lang.reflect.Constructor.newInstance(Constructor.java:423)
at org.openqa.selenium.remote.W3CHandshakeResponse.lambda$errorHandler$0(W3CHandshakeResponse.java:62)
at org.openqa.selenium.remote.HandshakeResponse.lambda$getResponseFunction$0(HandshakeResponse.java:30)
at org.openqa.selenium.remote.ProtocolHandshake.lambda$createSession$0(ProtocolHandshake.java:123)
at java.util.stream.ReferencePipeline$3$1.accept(ReferencePipeline.java:193)
at java.util.Spliterators$ArraySpliterator.tryAdvance(Spliterators.java:958)
at java.util.stream.ReferencePipeline.forEachWithCancel(ReferencePipeline.java:126)
at java.util.stream.AbstractPipeline.copyIntoWithCancel(AbstractPipeline.java:498)
at java.util.stream.AbstractPipeline.copyInto(AbstractPipeline.java:485)
at java.util.stream.AbstractPipeline.wrapAndCopyInto(AbstractPipeline.java:471)
at java.util.stream.FindOps$FindOp.evaluateSequential(FindOps.java:152)
at java.util.stream.AbstractPipeline.evaluate(AbstractPipeline.java:234)
at java.util.stream.ReferencePipeline.findFirst(ReferencePipeline.java:464)
at org.openqa.selenium.remote.ProtocolHandshake.createSession(ProtocolHandshake.java:125)
at org.openqa.selenium.remote.ProtocolHandshake.createSession(ProtocolHandshake.java:74)
at org.openqa.selenium.remote.HttpCommandExecutor.execute(HttpCommandExecutor.java:136)
at org.openqa.selenium.remote.service.DriverCommandExecutor.execute(DriverCommandExecutor.java:83)
at org.openqa.selenium.remote.RemoteWebDriver.execute(RemoteWebDriver.java:552)
at org.openqa.selenium.remote.RemoteWebDriver.startSession(RemoteWebDriver.java:213)
at org.openqa.selenium.remote.RemoteWebDriver.<init>(RemoteWebDriver.java:131)
at org.openqa.selenium.chrome.ChromeDriver.<init>(ChromeDriver.java:181)
at org.openqa.selenium.chrome.ChromeDriver.<init>(ChromeDriver.java:168)
at org.openqa.selenium.chrome.ChromeDriver.<init>(ChromeDriver.java:123)
at com.bit.ui.test.BaseTest.beforeMethod(BaseTest.java:52)
at sun.reflect.NativeMethodAccessorImpl.invoke0(Native Method)
at sun.reflect.NativeMethodAccessorImpl.invoke(NativeMethodAccessorImpl.java:62)
at sun.reflect.DelegatingMethodAccessorImpl.invoke(DelegatingMethodAccessorImpl.java:43)
at java.lang.reflect.Method.invoke(Method.java:498)
at org.testng.internal.MethodInvocationHelper.invokeMethod(MethodInvocationHelper.java:124)
at org.testng.internal.MethodInvocationHelper.invokeMethodConsideringTimeout(MethodInvocationHelper.java:59)
at org.testng.internal.Invoker.invokeConfigurationMethod(Invoker.java:455)
at org.testng.internal.Invoker.invokeConfigurations(Invoker.java:222)
at org.testng.internal.Invoker.invokeMethod(Invoker.java:520)
at org.testng.internal.Invoker.invokeTestMethod(Invoker.java:716)
at org.testng.internal.Invoker.invokeTestMethods(Invoker.java:988)
at org.testng.internal.TestMethodWorker.invokeTestMethods(TestMethodWorker.java:125)
at org.testng.internal.TestMethodWorker.run(TestMethodWorker.java:109)
at org.testng.TestRunner.privateRun(TestRunner.java:648)
at org.testng.TestRunner.run(TestRunner.java:505)
at org.testng.SuiteRunner.runTest(SuiteRunner.java:455)
at org.testng.SuiteRunner.runSequentially(SuiteRunner.java:450)
at org.testng.SuiteRunner.privateRun(SuiteRunner.java:415)
at org.testng.SuiteRunner.run(SuiteRunner.java:364)
at org.testng.SuiteRunnerWorker.runSuite(SuiteRunnerWorker.java:52)
at org.testng.SuiteRunnerWorker.run(SuiteRunnerWorker.java:84)
at org.testng.TestNG.runSuitesSequentially(TestNG.java:1208)
at org.testng.TestNG.runSuitesLocally(TestNG.java:1137)
at org.testng.TestNG.runSuites(TestNG.java:1049)
at org.testng.TestNG.run(TestNG.java:1017)
at org.testng.remote.AbstractRemoteTestNG.run(AbstractRemoteTestNG.java:115)
at org.testng.remote.RemoteTestNG.initAndRun(RemoteTestNG.java:251)
at org.testng.remote.RemoteTestNG.main(RemoteTestNG.java:77)
]]>
    </error>
  </testcase> <!-- beforeMethod -->
  <testcase name="test1" time="0.000" classname="com.bit.ui.test.SmokeTest">
    <skipped/>
  </testcase> <!-- test1 -->
</testsuite> <!-- com.bit.ui.test.SmokeTest -->
